[2026-01-06 09:04:17] This is codeql database create cpp-database --language=cpp --source-root=exercises-tests --build-mode=none
[2026-01-06 09:04:17] Log file was started late.
[2026-01-06 09:04:17] [PROGRESS] database create> Initializing database at C:\Users\admin\vulnresearch\CodeQL\codeql-workshop-control-flow-cpp\cpp-database.
[2026-01-06 09:04:17] Running plumbing command: codeql database init --language=cpp --extractor-options-verbosity=1 --qlconfig-file=C:\Users\admin\vulnresearch\CodeQL\codeql-workshop-control-flow-cpp\qlconfig.yml --build-mode=none --source-root=C:\Users\admin\vulnresearch\CodeQL\codeql-workshop-control-flow-cpp\exercises-tests --allow-missing-source-root=false --allow-already-existing -- C:\Users\admin\vulnresearch\CodeQL\codeql-workshop-control-flow-cpp\cpp-database
[2026-01-06 09:04:17] Calling plumbing command: codeql resolve languages --extractor-options-verbosity=1 --format=betterjson
[2026-01-06 09:04:17] [DETAILS] resolve languages> Scanning for [codeql-extractor.yml] from C:\ProgramData\chocolatey\lib\codeql\tools\codeql\.codeqlmanifest.json
[2026-01-06 09:04:17] [DETAILS] resolve languages> Parsing C:\ProgramData\chocolatey\lib\codeql\tools\codeql\actions\codeql-extractor.yml.
[2026-01-06 09:04:18] [DETAILS] resolve languages> Parsing C:\ProgramData\chocolatey\lib\codeql\tools\codeql\cpp\codeql-extractor.yml.
[2026-01-06 09:04:18] [DETAILS] resolve languages> Parsing C:\ProgramData\chocolatey\lib\codeql\tools\codeql\csharp\codeql-extractor.yml.
[2026-01-06 09:04:18] [DETAILS] resolve languages> Parsing C:\ProgramData\chocolatey\lib\codeql\tools\codeql\csv\codeql-extractor.yml.
[2026-01-06 09:04:18] [DETAILS] resolve languages> Parsing C:\ProgramData\chocolatey\lib\codeql\tools\codeql\go\codeql-extractor.yml.
[2026-01-06 09:04:18] [DETAILS] resolve languages> Parsing C:\ProgramData\chocolatey\lib\codeql\tools\codeql\html\codeql-extractor.yml.
[2026-01-06 09:04:18] [DETAILS] resolve languages> Parsing C:\ProgramData\chocolatey\lib\codeql\tools\codeql\java\codeql-extractor.yml.
[2026-01-06 09:04:18] [DETAILS] resolve languages> Parsing C:\ProgramData\chocolatey\lib\codeql\tools\codeql\javascript\codeql-extractor.yml.
[2026-01-06 09:04:18] [DETAILS] resolve languages> Parsing C:\ProgramData\chocolatey\lib\codeql\tools\codeql\properties\codeql-extractor.yml.
[2026-01-06 09:04:18] [DETAILS] resolve languages> Parsing C:\ProgramData\chocolatey\lib\codeql\tools\codeql\python\codeql-extractor.yml.
[2026-01-06 09:04:18] [DETAILS] resolve languages> Parsing C:\ProgramData\chocolatey\lib\codeql\tools\codeql\ruby\codeql-extractor.yml.
[2026-01-06 09:04:18] [DETAILS] resolve languages> Parsing C:\ProgramData\chocolatey\lib\codeql\tools\codeql\rust\codeql-extractor.yml.
[2026-01-06 09:04:18] [DETAILS] resolve languages> Parsing C:\ProgramData\chocolatey\lib\codeql\tools\codeql\swift\codeql-extractor.yml.
[2026-01-06 09:04:18] [DETAILS] resolve languages> Parsing C:\ProgramData\chocolatey\lib\codeql\tools\codeql\xml\codeql-extractor.yml.
[2026-01-06 09:04:18] [DETAILS] resolve languages> Parsing C:\ProgramData\chocolatey\lib\codeql\tools\codeql\yaml\codeql-extractor.yml.
[2026-01-06 09:04:18] Plumbing command codeql resolve languages completed:
                      {
                        "aliases" : {
                          "c" : "cpp",
                          "c++" : "cpp",
                          "c-c++" : "cpp",
                          "c-cpp" : "cpp",
                          "c#" : "csharp",
                          "java-kotlin" : "java",
                          "kotlin" : "java",
                          "javascript-typescript" : "javascript",
                          "typescript" : "javascript"
                        },
                        "extractors" : {
                          "actions" : [
                            {
                              "extractor_root" : "C:\\ProgramData\\chocolatey\\lib\\codeql\\tools\\codeql\\actions",
                              "extractor_options" : { }
                            }
                          ],
                          "cpp" : [
                            {
                              "extractor_root" : "C:\\ProgramData\\chocolatey\\lib\\codeql\\tools\\codeql\\cpp",
                              "extractor_options" : {
                                "scale_timeouts" : {
                                  "title" : "Value to scale compiler introspection timeouts with",
                                  "description" : "The extractor attempts to determine what compiler the source code being extracted is compiled with. To this end the extractor makes additional calls to the compiler, some of which are expected to return within a certain fixed time (either 10s or 15s). On some systems that are under high load this time might be too short, and can be scaled up using this option.\n",
                                  "type" : "string",
                                  "pattern" : "[0-9]+"
                                },
                                "log_verbosity" : {
                                  "title" : "Verbosity of the extractor logging",
                                  "description" : "Set the verbosity of the extractor logging to 'quiet' (0), 'normal' (1), 'chatty' (2), or 'noisy' (3). The default is 'normal'.\n",
                                  "type" : "string",
                                  "pattern" : "[0-3]"
                                }
                              }
                            }
                          ],
                          "csharp" : [
                            {
                              "extractor_root" : "C:\\ProgramData\\chocolatey\\lib\\codeql\\tools\\codeql\\csharp",
                              "extractor_options" : {
                                "trap" : {
                                  "title" : "Options pertaining to TRAP.",
                                  "description" : "Options pertaining to TRAP.",
                                  "type" : "object",
                                  "properties" : {
                                    "compression" : {
                                      "title" : "Controls compression for the TRAP files written by the extractor.",
                                      "description" : "This option is only intended for use in debugging the extractor. Accepted values are 'brotli' (the default, to write brotli-compressed TRAP), 'gzip', and 'none' (to write uncompressed TRAP).\n",
                                      "type" : "string",
                                      "pattern" : "^(none|gzip|brotli)$"
                                    }
                                  }
                                },
                                "buildless" : {
                                  "title" : "DEPRECATED - Whether to use buildless (standalone) extraction.",
                                  "description" : "DEPRECATED: Use `--build-mode none` instead.\nA value indicating, which type of extraction the autobuilder should perform. If 'true', then the standalone extractor will be used, otherwise tracing extraction will be performed. The default is 'false'. Note that buildless extraction will generally yield less accurate analysis results, and should only be used in cases where it is not possible to build the code (for example if it uses inaccessible dependencies).\n",
                                  "type" : "string",
                                  "pattern" : "^(false|true)$"
                                },
                                "logging" : {
                                  "title" : "Options pertaining to logging.",
                                  "description" : "Options pertaining to logging.",
                                  "type" : "object",
                                  "properties" : {
                                    "verbosity" : {
                                      "title" : "Extractor logging verbosity level.",
                                      "description" : "Controls the level of verbosity of the extractor. The supported levels are (in order of increasing verbosity):\n  - off\n  - errors\n  - warnings\n  - info or progress\n  - debug or progress+\n  - trace or progress++\n  - progress+++\n",
                                      "type" : "string",
                                      "pattern" : "^(off|errors|warnings|(info|progress)|(debug|progress\\+)|(trace|progress\\+\\+)|progress\\+\\+\\+)$"
                                    }
                                  }
                                },
                                "binlog" : {
                                  "title" : "Binlog",
                                  "description" : "[EXPERIMENTAL] The value is a path to the MsBuild binary log file that should be extracted. This option only works when `--build-mode none` is also specified.\n",
                                  "type" : "array"
                                },
                                "buildless_dependency_dir" : {
                                  "title" : "The path where buildless (standalone) extraction should keep dependencies.",
                                  "description" : "If set, the buildless (standalone) extractor will store dependencies in this directory.\n",
                                  "type" : "string"
                                }
                              }
                            }
                          ],
                          "csv" : [
                            {
                              "extractor_root" : "C:\\ProgramData\\chocolatey\\lib\\codeql\\tools\\codeql\\csv"
                            }
                          ],
                          "go" : [
                            {
                              "extractor_root" : "C:\\ProgramData\\chocolatey\\lib\\codeql\\tools\\codeql\\go",
                              "extractor_options" : {
                                "extract_tests" : {
                                  "title" : "Whether to include Go test files in the CodeQL database.",
                                  "description" : "A value indicating whether Go test files should be included in the CodeQL database. The default is 'false'.\n",
                                  "type" : "string",
                                  "pattern" : "^(false|true)$"
                                },
                                "extract_vendor_dirs" : {
                                  "title" : "Whether to include Go vendor directories in the CodeQL database.",
                                  "description" : "A value indicating whether Go vendor directories should be included in the CodeQL database. The default is 'false'.\n",
                                  "type" : "string",
                                  "pattern" : "^(false|true)$"
                                }
                              }
                            }
                          ],
                          "html" : [
                            {
                              "extractor_root" : "C:\\ProgramData\\chocolatey\\lib\\codeql\\tools\\codeql\\html"
                            }
                          ],
                          "java" : [
                            {
                              "extractor_root" : "C:\\ProgramData\\chocolatey\\lib\\codeql\\tools\\codeql\\java",
                              "extractor_options" : {
                                "exclude" : {
                                  "title" : "A glob excluding files from analysis.",
                                  "description" : "A glob indicating what files to exclude from the analysis. This accepts glob patterns that are supported by Java's 'getPathMatcher' implementation.\n",
                                  "type" : "string"
                                },
                                "add_prefer_source" : {
                                  "title" : "Whether to always prefer source files over class files.",
                                  "description" : "A value indicating whether source files should be preferred over class files. If set to 'true', the extraction adds '-Xprefer:source' to the javac command line. If set to 'false', the extraction uses the default javac behavior ('-Xprefer:newer'). The default is 'true'.\n",
                                  "type" : "string",
                                  "pattern" : "^(false|true)$"
                                },
                                "buildless" : {
                                  "title" : "Whether to use buildless (standalone) extraction (experimental).",
                                  "description" : "A value indicating, which type of extraction the autobuilder should perform. If 'true', then the standalone extractor will be used, otherwise tracing extraction will be performed. The default is 'false'. Note that buildless extraction will generally yield less accurate analysis results, and should only be used in cases where it is not possible to build the code (for example if it uses inaccessible dependencies).\n",
                                  "type" : "string",
                                  "pattern" : "^(false|true)$"
                                },
                                "buildless_dependency_dir" : {
                                  "title" : "The path where buildless (standalone) extraction should keep dependencies.",
                                  "description" : "If set, the buildless (standalone) extractor will store dependencies in this directory.\n",
                                  "type" : "string"
                                },
                                "minimize_dependency_jars" : {
                                  "title" : "Whether to rewrite and minimize downloaded JAR dependencies (experimental).",
                                  "description" : "If 'true', JAR dependencies downloaded during extraction will be rewritten to remove unneeded data, such as method bodies. The default is 'false'.\n",
                                  "type" : "string",
                                  "pattern" : "^(false|true)$"
                                }
                              }
                            }
                          ],
                          "javascript" : [
                            {
                              "extractor_root" : "C:\\ProgramData\\chocolatey\\lib\\codeql\\tools\\codeql\\javascript",
                              "extractor_options" : {
                                "skip_types" : {
                                  "title" : "Skip type extraction for TypeScript",
                                  "description" : "Whether to skip the extraction of types in a TypeScript application",
                                  "type" : "string",
                                  "pattern" : "^(false|true)$"
                                }
                              }
                            }
                          ],
                          "properties" : [
                            {
                              "extractor_root" : "C:\\ProgramData\\chocolatey\\lib\\codeql\\tools\\codeql\\properties"
                            }
                          ],
                          "python" : [
                            {
                              "extractor_root" : "C:\\ProgramData\\chocolatey\\lib\\codeql\\tools\\codeql\\python",
                              "extractor_options" : {
                                "logging" : {
                                  "title" : "Options pertaining to logging.",
                                  "description" : "Options pertaining to logging.",
                                  "type" : "object",
                                  "properties" : {
                                    "verbosity" : {
                                      "title" : "Python extractor logging verbosity level.",
                                      "description" : "Controls the level of verbosity of the CodeQL Python extractor.\nThe supported levels are (in order of increasing verbosity):\n\n  - off\n  - errors\n  - warnings\n  - info or progress\n  - debug or progress+\n  - trace or progress++\n  - progress+++\n",
                                      "type" : "string",
                                      "pattern" : "^(off|errors|warnings|(info|progress)|(debug|progress\\+)|(trace|progress\\+\\+)|progress\\+\\+\\+)$"
                                    }
                                  }
                                },
                                "python_executable_name" : {
                                  "title" : "Controls the name of the Python executable used by the Python extractor.",
                                  "description" : "The Python extractor uses platform-dependent heuristics to determine the name of the Python executable to use. Specifying a value for this option overrides the name of the Python executable used by the extractor. Accepted values are py, python and python3. Use this setting with caution, the Python extractor requires Python 3 to run.\n",
                                  "type" : "string",
                                  "pattern" : "^(py|python|python3)$"
                                }
                              }
                            }
                          ],
                          "ruby" : [
                            {
                              "extractor_root" : "C:\\ProgramData\\chocolatey\\lib\\codeql\\tools\\codeql\\ruby",
                              "extractor_options" : {
                                "trap" : {
                                  "title" : "Options pertaining to TRAP.",
                                  "description" : "Options pertaining to TRAP.",
                                  "type" : "object",
                                  "properties" : {
                                    "compression" : {
                                      "title" : "Controls compression for the TRAP files written by the extractor.",
                                      "description" : "This option is only intended for use in debugging the extractor. Accepted values are 'gzip' (the default, to write gzip-compressed TRAP) 'zstd' (to write Zstandard-compressed TRAP) and 'none' (to write uncompressed TRAP).\n",
                                      "type" : "string",
                                      "pattern" : "^(none|gzip|zstd)$"
                                    }
                                  }
                                }
                              }
                            }
                          ],
                          "rust" : [
                            {
                              "extractor_root" : "C:\\ProgramData\\chocolatey\\lib\\codeql\\tools\\codeql\\rust",
                              "extractor_options" : {
                                "trap" : {
                                  "title" : "Options pertaining to TRAP.",
                                  "description" : "Options pertaining to TRAP.",
                                  "type" : "object",
                                  "properties" : {
                                    "compression" : {
                                      "title" : "Controls compression for the TRAP files written by the extractor.",
                                      "description" : "This option is only intended for use in debugging the extractor. Accepted values are 'gzip' (to write gzip-compressed TRAP) 'zstd' (to write Zstandard-compressed TRAP) and 'none' (the default, to write uncompressed TRAP).\n",
                                      "type" : "string",
                                      "pattern" : "^(none|gzip|zstd)$"
                                    }
                                  }
                                },
                                "cargo_target_dir" : {
                                  "title" : "Directory to use for cargo output files.",
                                  "description" : "This value is an optional path to use as `CARGO_TARGET_DIR` for the internal cargo commands the extractor uses. Pointing it to a persistent directory may reduce execution time of consecutive extractor runs. By default, a new scratch directory is used for each run.\n",
                                  "type" : "string"
                                },
                                "cargo_target" : {
                                  "title" : "Target architecture",
                                  "description" : "Target architecture to use for analysis, analogous to `cargo --target`. By default the host architecture is used.\n",
                                  "type" : "string"
                                },
                                "cargo_features" : {
                                  "title" : "Cargo features to turn on",
                                  "description" : "Comma-separated list of features to turn on. By default all features are enabled. If any features are specified, then only those features are enabled. The `default` feature must be explicitly specified if only default features are desired. Can be repeated.\n",
                                  "type" : "array"
                                },
                                "cargo_cfg_overrides" : {
                                  "title" : "Cargo cfg overrides",
                                  "description" : "Comma-separated list of cfg settings to enable, or disable if prefixed with `-`. Can be repeated.\n",
                                  "type" : "array"
                                },
                                "logging" : {
                                  "title" : "Options pertaining to logging.",
                                  "description" : "Options pertaining to logging.",
                                  "type" : "object",
                                  "properties" : {
                                    "verbosity" : {
                                      "title" : "Extractor logging verbosity level.",
                                      "description" : "Controls the level of verbosity of the extractor. The supported levels are (in order of increasing verbosity):\n  - off\n  - errors\n  - warnings\n  - info or progress\n  - debug or progress+\n  - trace or progress++\n  - progress+++\n",
                                      "type" : "string",
                                      "pattern" : "^(off|errors|warnings|(info|progress)|(debug|progress\\+)|(trace|progress\\+\\+)|progress\\+\\+\\+)$"
                                    },
                                    "flamegraph" : {
                                      "title" : "[Experimental] File path for write flame graph log",
                                      "description" : "Collect flame graph data using the `tracing-flame` crate. To render a flame graph or chart, run the `inferno-flamegraph` command. See also: https://crates.io/crates/tracing-flame\n",
                                      "type" : "string"
                                    }
                                  }
                                },
                                "extract_dependencies_as_source" : {
                                  "title" : "Extract dependencies as source code",
                                  "description" : "Extract the full source code of dependencies instead of only extracting signatures.\n",
                                  "type" : "string",
                                  "pattern" : "^(false|true)$"
                                }
                              }
                            }
                          ],
                          "swift" : [
                            {
                              "extractor_root" : "C:\\ProgramData\\chocolatey\\lib\\codeql\\tools\\codeql\\swift"
                            }
                          ],
                          "xml" : [
                            {
                              "extractor_root" : "C:\\ProgramData\\chocolatey\\lib\\codeql\\tools\\codeql\\xml"
                            }
                          ],
                          "yaml" : [
                            {
                              "extractor_root" : "C:\\ProgramData\\chocolatey\\lib\\codeql\\tools\\codeql\\yaml"
                            }
                          ]
                        }
                      }
[2026-01-06 09:04:18] [PROGRESS] database init> Calculating baseline information in C:\Users\admin\vulnresearch\CodeQL\codeql-workshop-control-flow-cpp\exercises-tests
[2026-01-06 09:04:18] [SPAMMY] database init> Ignoring the following directories when processing baseline information: .git, .hg, .svn.
[2026-01-06 09:04:18] [DETAILS] database init> Running command in C:\Users\admin\vulnresearch\CodeQL\codeql-workshop-control-flow-cpp\exercises-tests: C:\ProgramData\chocolatey\lib\codeql\tools\codeql\tools\win64\scc.exe --by-file --exclude-dir .git,.hg,.svn --format json --no-large --no-min .
[2026-01-06 09:04:18] Using configure-baseline script C:\ProgramData\chocolatey\lib\codeql\tools\codeql\actions\tools\configure-baseline.cmd.
[2026-01-06 09:04:18] [PROGRESS] database init> Running command in C:\Users\admin\vulnresearch\CodeQL\codeql-workshop-control-flow-cpp\exercises-tests: [C:\ProgramData\chocolatey\lib\codeql\tools\codeql\actions\tools\configure-baseline.cmd]
[2026-01-06 09:04:18] [SPAMMY] database init> Ignored an additional 2 files when processing baseline information for YAML due to paths and paths-ignore configuration.
[2026-01-06 09:04:18] [SPAMMY] database init> Found 9 baseline files for cpp.
[2026-01-06 09:04:18] [SPAMMY] database init> Found 0 baseline files for actions.
[2026-01-06 09:04:18] [PROGRESS] database init> Calculated baseline information for languages: actions, cpp (495ms).
[2026-01-06 09:04:19] [PROGRESS] database init> Resolving extractor cpp.
[2026-01-06 09:04:19] [DETAILS] database init> Found candidate extractor root for cpp: C:\ProgramData\chocolatey\lib\codeql\tools\codeql\cpp.
[2026-01-06 09:04:19] [PROGRESS] database init> Successfully loaded extractor C/C++ (cpp) from C:\ProgramData\chocolatey\lib\codeql\tools\codeql\cpp.
[2026-01-06 09:04:19] [PROGRESS] database init> Created skeleton CodeQL database at C:\Users\admin\vulnresearch\CodeQL\codeql-workshop-control-flow-cpp\cpp-database. This in-progress database is ready to be populated by an extractor.
[2026-01-06 09:04:19] Plumbing command codeql database init completed.
[2026-01-06 09:04:19] [PROGRESS] database create> Running build command: []
[2026-01-06 09:04:19] Running plumbing command: codeql database trace-command --working-dir=C:\Users\admin\vulnresearch\CodeQL\codeql-workshop-control-flow-cpp\exercises-tests --index-traceless-dbs --no-db-cluster -- C:\Users\admin\vulnresearch\CodeQL\codeql-workshop-control-flow-cpp\cpp-database
[2026-01-06 09:04:19] Using autobuild script C:\ProgramData\chocolatey\lib\codeql\tools\codeql\cpp\tools\autobuild.cmd.
[2026-01-06 09:04:19] [PROGRESS] database trace-command> Running command in C:\Users\admin\vulnresearch\CodeQL\codeql-workshop-control-flow-cpp\exercises-tests: [C:\ProgramData\chocolatey\lib\codeql\tools\codeql\cpp\tools\autobuild.cmd]
[2026-01-06 09:04:19] [build-stdout] Using 4 threads for extraction
[2026-01-06 09:04:19] [build-stdout] Indexed folder "C:\\Users\\admin\\vulnresearch\\CodeQL\\codeql-workshop-control-flow-cpp\\exercises-tests", found 9 source files, 0 header files, 29 total files.
[2026-01-06 09:04:19] [build-stdout] Using msvc fallback compiler.
[2026-01-06 09:04:19] [build-stdout] Searching for msvc...
[2026-01-06 09:04:19] [build-stdout] Searching for cl...
[2026-01-06 09:04:19] [build-stdout] Searching for cl as "cl"...
[2026-01-06 09:04:19] [build-stdout] Command "cl" not found.
[2026-01-06 09:04:19] [build-stdout] Searching for vswhere...
[2026-01-06 09:04:19] [build-stdout] Command vswhere not found on the path.
[2026-01-06 09:04:19] [build-stdout] Using vswhere at "C:\\Program Files (x86)\\Microsoft Visual Studio\\Installer\\vswhere.exe"
[2026-01-06 09:04:19] [build-stdout] Found MSVC version: 14.50.35717
[2026-01-06 09:04:19] [build-stdout] Searching for cl as "C:\\Program Files\\Microsoft Visual Studio\\18\\Community\\VC\\Tools\\MSVC\\14.50.35717\\bin\\Hostx64\\x64\\cl.exe"...
[2026-01-06 09:04:19] [build-stdout] Generating compilation commands.
[2026-01-06 09:04:19] [build-stdout] Running extraction commands.
[2026-01-06 09:04:23] [build-stdout] Ran 9 commands [s=9,p=0,f=0]
[2026-01-06 09:04:23] [build-stdout] Extraction completed successfully.
[2026-01-06 09:04:23] Plumbing command codeql database trace-command completed.
[2026-01-06 09:04:23] [PROGRESS] database create> Finalizing database at C:\Users\admin\vulnresearch\CodeQL\codeql-workshop-control-flow-cpp\cpp-database.
[2026-01-06 09:04:23] Running plumbing command: codeql database finalize --no-db-cluster -- C:\Users\admin\vulnresearch\CodeQL\codeql-workshop-control-flow-cpp\cpp-database
[2026-01-06 09:04:23] Using pre-finalize script C:\ProgramData\chocolatey\lib\codeql\tools\codeql\cpp\tools\pre-finalize.cmd.
[2026-01-06 09:04:23] [PROGRESS] database finalize> Running pre-finalize script C:\ProgramData\chocolatey\lib\codeql\tools\codeql\cpp\tools\pre-finalize.cmd in C:\Users\admin\vulnresearch\CodeQL\codeql-workshop-control-flow-cpp\exercises-tests.
[2026-01-06 09:04:23] Running plumbing command: codeql database trace-command --working-dir=C:\Users\admin\vulnresearch\CodeQL\codeql-workshop-control-flow-cpp\exercises-tests --no-tracing -- C:\Users\admin\vulnresearch\CodeQL\codeql-workshop-control-flow-cpp\cpp-database C:\ProgramData\chocolatey\lib\codeql\tools\codeql\cpp\tools\pre-finalize.cmd
[2026-01-06 09:04:23] [PROGRESS] database trace-command> Running command in C:\Users\admin\vulnresearch\CodeQL\codeql-workshop-control-flow-cpp\exercises-tests: [C:\ProgramData\chocolatey\lib\codeql\tools\codeql\cpp\tools\pre-finalize.cmd]
[2026-01-06 09:04:23] Plumbing command codeql database trace-command completed.
[2026-01-06 09:04:23] [PROGRESS] database finalize> Pre-finalize script C:\ProgramData\chocolatey\lib\codeql\tools\codeql\cpp\tools\pre-finalize.cmd completed in 473 ms.
[2026-01-06 09:04:23] [PROGRESS] database finalize> Running TRAP import for CodeQL database at C:\Users\admin\vulnresearch\CodeQL\codeql-workshop-control-flow-cpp\cpp-database...
[2026-01-06 09:04:24] Running plumbing command: codeql dataset import --dbscheme=C:\ProgramData\chocolatey\lib\codeql\tools\codeql\cpp\semmlecode.cpp.dbscheme -- C:\Users\admin\vulnresearch\CodeQL\codeql-workshop-control-flow-cpp\cpp-database\db-cpp C:\Users\admin\vulnresearch\CodeQL\codeql-workshop-control-flow-cpp\cpp-database\trap\cpp
[2026-01-06 09:04:24] Clearing disk cache since the version file C:\Users\admin\vulnresearch\CodeQL\codeql-workshop-control-flow-cpp\cpp-database\db-cpp\default\cache\version does not exist
[2026-01-06 09:04:24] Tuple pool not found. Clearing relations with cached strings
[2026-01-06 09:04:24] Trimming disk cache at C:\Users\admin\vulnresearch\CodeQL\codeql-workshop-control-flow-cpp\cpp-database\db-cpp\default\cache in mode clear.
[2026-01-06 09:04:24] Sequence stamp origin is -5961760504085932415
[2026-01-06 09:04:24] Pausing evaluation to hard-clear memory at sequence stamp o+0
[2026-01-06 09:04:24] Unpausing evaluation
[2026-01-06 09:04:24] Pausing evaluation to quickly trim disk at sequence stamp o+1
[2026-01-06 09:04:24] Unpausing evaluation
[2026-01-06 09:04:24] Pausing evaluation to zealously trim disk at sequence stamp o+2
[2026-01-06 09:04:24] Unpausing evaluation
[2026-01-06 09:04:24] Trimming completed (20ms): Purged everything.
[2026-01-06 09:04:25] Scanning for files in C:\Users\admin\vulnresearch\CodeQL\codeql-workshop-control-flow-cpp\cpp-database\trap\cpp
[2026-01-06 09:04:25] Found 19 files on disk containing 20 TRAP files (62.12 KiB)
[2026-01-06 09:04:25] [PROGRESS] dataset import> Importing TRAP files
[2026-01-06 09:04:26] Importing test1.cpp.3a9e2801.trap (test1.cpp.3a9e2801_0.trap.tar.zst) (1 of 20)
[2026-01-06 09:04:26] Importing test2.cpp.cb94885f.trap (test2.cpp.cb94885f_0.trap.tar.zst) (2 of 20)
[2026-01-06 09:04:26] Importing test3.cpp.9b6d1795.trap (test3.cpp.9b6d1795_0.trap.tar.zst) (3 of 20)
[2026-01-06 09:04:27] Importing cpp_predefined.fac9c744.trap (test4.cpp.dc02f087_0.trap.tar.zst) (4 of 20)
[2026-01-06 09:04:27] Importing test4.cpp.dc02f087.trap (test4.cpp.dc02f087_0.trap.tar.zst) (5 of 20)
[2026-01-06 09:04:27] Importing test5.cpp.ada734a8.trap (test5.cpp.ada734a8_0.trap.tar.zst) (6 of 20)
[2026-01-06 09:04:27] Importing test6.cpp.2f3f3797.trap (test6.cpp.2f3f3797_0.trap.tar.zst) (7 of 20)
[2026-01-06 09:04:27] Importing test7.cpp.89779d57.trap (test7.cpp.89779d57_0.trap.tar.zst) (8 of 20)
[2026-01-06 09:04:27] Importing test8.cpp.1b1b469c.trap (test8.cpp.1b1b469c_0.trap.tar.zst) (9 of 20)
[2026-01-06 09:04:27] Importing test9.cpp.4be2d956.trap (test9.cpp.4be2d956_0.trap.tar.zst) (10 of 20)
[2026-01-06 09:04:27] Importing 43882403_0.trap.zst (11 of 20)
[2026-01-06 09:04:27] Importing 31231075_0.trap.zst (12 of 20)
[2026-01-06 09:04:27] Importing 49210612_0.trap.zst (13 of 20)
[2026-01-06 09:04:27] Importing 38248529_0.trap.zst (14 of 20)
[2026-01-06 09:04:27] Importing 13780627_0.trap.zst (15 of 20)
[2026-01-06 09:04:27] Importing 21274486_0.trap.zst (16 of 20)
[2026-01-06 09:04:27] Importing 51946177_0.trap.zst (17 of 20)
[2026-01-06 09:04:27] Importing 58623039_0.trap.zst (18 of 20)
[2026-01-06 09:04:27] Importing 28655534_0.trap.zst (19 of 20)
[2026-01-06 09:04:27] Importing metadata.trap.gz (20 of 20)
[2026-01-06 09:04:27] [PROGRESS] dataset import> Merging relations
[2026-01-06 09:04:27] Merging 1 fragment for 'extractor_version'.
[2026-01-06 09:04:27] Merged 27 bytes for 'extractor_version'.
[2026-01-06 09:04:27] Merging 1 fragment for 'fileannotations'.
[2026-01-06 09:04:27] Merged 63 bytes for 'fileannotations'.
[2026-01-06 09:04:27] Merging 1 fragment for 'files'.
[2026-01-06 09:04:27] Merged 50 bytes for 'files'.
[2026-01-06 09:04:27] Merging 1 fragment for 'numlines'.
[2026-01-06 09:04:27] Merged 121 bytes for 'numlines'.
[2026-01-06 09:04:27] Merging 1 fragment for 'link_parent'.
[2026-01-06 09:04:27] Merged 59 bytes for 'link_parent'.
[2026-01-06 09:04:27] Merging 1 fragment for 'functions'.
[2026-01-06 09:04:27] Merged 82 bytes for 'functions'.
[2026-01-06 09:04:27] Merging 1 fragment for 'function_return_type'.
[2026-01-06 09:04:27] Merged 60 bytes for 'function_return_type'.
[2026-01-06 09:04:27] Merging 1 fragment for 'function_prototyped'.
[2026-01-06 09:04:28] Merged 36 bytes for 'function_prototyped'.
[2026-01-06 09:04:28] Merging 1 fragment for 'params'.
[2026-01-06 09:04:28] Merged 128 bytes for 'params'.
[2026-01-06 09:04:28] Merging 1 fragment for 'locations_default'.
[2026-01-06 09:04:28] Merged 3939 bytes (3.85 KiB) for 'locations_default'.
[2026-01-06 09:04:28] Merging 1 fragment for 'fun_decls'.
[2026-01-06 09:04:28] Merged 369 bytes for 'fun_decls'.
[2026-01-06 09:04:28] Merging 1 fragment for 'fun_def'.
[2026-01-06 09:04:28] Merged 56 bytes for 'fun_def'.
[2026-01-06 09:04:28] Merging 1 fragment for 'var_def'.
[2026-01-06 09:04:28] Merged 99 bytes for 'var_def'.
[2026-01-06 09:04:28] Merging 1 fragment for 'param_decl_bind'.
[2026-01-06 09:04:28] Merged 221 bytes for 'param_decl_bind'.
[2026-01-06 09:04:28] Merging 1 fragment for 'stmts'.
[2026-01-06 09:04:28] Merged 734 bytes for 'stmts'.
[2026-01-06 09:04:28] Merging 1 fragment for 'exprs'.
[2026-01-06 09:04:28] Merged 1398 bytes (1.37 KiB) for 'exprs'.
[2026-01-06 09:04:28] Merging 1 fragment for 'expr_types'.
[2026-01-06 09:04:28] Merged 996 bytes for 'expr_types'.
[2026-01-06 09:04:28] Merging 1 fragment for 'expr_isload'.
[2026-01-06 09:04:28] Merged 112 bytes for 'expr_isload'.
[2026-01-06 09:04:28] Merging 1 fragment for 'values'.
[2026-01-06 09:04:28] Merged 171 bytes for 'values'.
[2026-01-06 09:04:28] Merging 1 fragment for 'valuetext'.
[2026-01-06 09:04:28] Merged 174 bytes for 'valuetext'.
[2026-01-06 09:04:28] Merging 1 fragment for 'valuebind'.
[2026-01-06 09:04:28] Merged 196 bytes for 'valuebind'.
[2026-01-06 09:04:28] Merging 1 fragment for 'compgenerated'.
[2026-01-06 09:04:28] Merged 98 bytes for 'compgenerated'.
[2026-01-06 09:04:28] Merging 1 fragment for 'exprparents'.
[2026-01-06 09:04:28] Merged 1060 bytes (1.04 KiB) for 'exprparents'.
[2026-01-06 09:04:28] Merging 1 fragment for 'stmtparents'.
[2026-01-06 09:04:28] Merged 623 bytes for 'stmtparents'.
[2026-01-06 09:04:28] Merging 1 fragment for 'if_then'.
[2026-01-06 09:04:28] Merged 77 bytes for 'if_then'.
[2026-01-06 09:04:28] Merging 1 fragment for 'localvariables'.
[2026-01-06 09:04:28] Merged 92 bytes for 'localvariables'.
[2026-01-06 09:04:28] Merging 1 fragment for 'var_decls'.
[2026-01-06 09:04:28] Merged 799 bytes for 'var_decls'.
[2026-01-06 09:04:28] Merging 1 fragment for 'stmt_decl_bind'.
[2026-01-06 09:04:28] Merged 110 bytes for 'stmt_decl_bind'.
[2026-01-06 09:04:28] Merging 1 fragment for 'stmt_decl_entry_bind'.
[2026-01-06 09:04:28] Merged 110 bytes for 'stmt_decl_entry_bind'.
[2026-01-06 09:04:28] Merging 1 fragment for 'for_condition'.
[2026-01-06 09:04:28] Merged 41 bytes for 'for_condition'.
[2026-01-06 09:04:28] Merging 1 fragment for 'for_body'.
[2026-01-06 09:04:28] Merged 41 bytes for 'for_body'.
[2026-01-06 09:04:28] Merging 1 fragment for 'for_initialization'.
[2026-01-06 09:04:28] Merged 41 bytes for 'for_initialization'.
[2026-01-06 09:04:28] Merging 1 fragment for 'for_update'.
[2026-01-06 09:04:28] Merged 41 bytes for 'for_update'.
[2026-01-06 09:04:28] Merging 1 fragment for 'blockscope'.
[2026-01-06 09:04:28] Merged 250 bytes for 'blockscope'.
[2026-01-06 09:04:28] Merging 1 fragment for 'function_entry_point'.
[2026-01-06 09:04:28] Merged 139 bytes for 'function_entry_point'.
[2026-01-06 09:04:28] Merging 1 fragment for 'routinetypes'.
[2026-01-06 09:04:28] Merged 33 bytes for 'routinetypes'.
[2026-01-06 09:04:28] Merging 1 fragment for 'unspecifiedtype'.
[2026-01-06 09:04:28] Merged 189 bytes for 'unspecifiedtype'.
[2026-01-06 09:04:28] Merging 1 fragment for 'routinetypeargs'.
[2026-01-06 09:04:28] Merged 47 bytes for 'routinetypeargs'.
[2026-01-06 09:04:28] Merging 1 fragment for 'derivedtypes'.
[2026-01-06 09:04:28] Merged 101 bytes for 'derivedtypes'.
[2026-01-06 09:04:28] Merging 1 fragment for 'pointerishsize'.
[2026-01-06 09:04:28] Merged 49 bytes for 'pointerishsize'.
[2026-01-06 09:04:28] Merging 1 fragment for 'funbind'.
[2026-01-06 09:04:28] Merged 137 bytes for 'funbind'.
[2026-01-06 09:04:28] Merging 1 fragment for 'containerparent'.
[2026-01-06 09:04:28] Merged 88 bytes for 'containerparent'.
[2026-01-06 09:04:28] Merging 1 fragment for 'folders'.
[2026-01-06 09:04:28] Merged 62 bytes for 'folders'.
[2026-01-06 09:04:28] Merging 1 fragment for 'mangled_name'.
[2026-01-06 09:04:28] Merged 85 bytes for 'mangled_name'.
[2026-01-06 09:04:28] Merging 1 fragment for 'varbind'.
[2026-01-06 09:04:28] Merged 498 bytes for 'varbind'.
[2026-01-06 09:04:28] Merging 1 fragment for 'exprconv'.
[2026-01-06 09:04:28] Merged 129 bytes for 'exprconv'.
[2026-01-06 09:04:28] Merging 1 fragment for 'conversionkinds'.
[2026-01-06 09:04:28] Merged 87 bytes for 'conversionkinds'.
[2026-01-06 09:04:28] Merging 1 fragment for 'varspecifiers'.
[2026-01-06 09:04:28] Merged 71 bytes for 'varspecifiers'.
[2026-01-06 09:04:28] Merging 1 fragment for 'initialisers'.
[2026-01-06 09:04:28] Merged 104 bytes for 'initialisers'.
[2026-01-06 09:04:28] Merging 1 fragment for 'iscall'.
[2026-01-06 09:04:28] Merged 76 bytes for 'iscall'.
[2026-01-06 09:04:28] Merging 1 fragment for 'builtintypes'.
[2026-01-06 09:04:28] Merged 393 bytes for 'builtintypes'.
[2026-01-06 09:04:28] Merging 1 fragment for 'link_targets'.
[2026-01-06 09:04:28] Merged 27 bytes for 'link_targets'.
[2026-01-06 09:04:28] Merging 1 fragment for 'usertypes'.
[2026-01-06 09:04:28] Merged 41 bytes for 'usertypes'.
[2026-01-06 09:04:28] Merging 1 fragment for 'namespaces'.
[2026-01-06 09:04:28] Merged 28 bytes for 'namespaces'.
[2026-01-06 09:04:28] Merging 1 fragment for 'specialnamequalifyingelements'.
[2026-01-06 09:04:28] Merged 28 bytes for 'specialnamequalifyingelements'.
[2026-01-06 09:04:28] Merging 1 fragment for 'specifiers'.
[2026-01-06 09:04:28] Merged 151 bytes for 'specifiers'.
[2026-01-06 09:04:28] Merging 1 fragment for 'type_mentions'.
[2026-01-06 09:04:28] Merged 127 bytes for 'type_mentions'.
[2026-01-06 09:04:28] Merging 1 fragment for 'member'.
[2026-01-06 09:04:28] Merged 44 bytes for 'member'.
[2026-01-06 09:04:28] Merging 1 fragment for 'fun_decl_empty_throws'.
[2026-01-06 09:04:28] Merged 30 bytes for 'fun_decl_empty_throws'.
[2026-01-06 09:04:28] Merging 1 fragment for 'usertypesize'.
[2026-01-06 09:04:28] Merged 36 bytes for 'usertypesize'.
[2026-01-06 09:04:28] Merging 1 fragment for 'is_pod_class'.
[2026-01-06 09:04:28] Merged 18 bytes for 'is_pod_class'.
[2026-01-06 09:04:28] Merging 1 fragment for 'is_standard_layout_class'.
[2026-01-06 09:04:28] Merged 18 bytes for 'is_standard_layout_class'.
[2026-01-06 09:04:28] Merging 1 fragment for 'is_complete'.
[2026-01-06 09:04:28] Merged 18 bytes for 'is_complete'.
[2026-01-06 09:04:28] Merging 1 fragment for 'type_decls'.
[2026-01-06 09:04:28] Merged 55 bytes for 'type_decls'.
[2026-01-06 09:04:28] Merging 1 fragment for 'type_def'.
[2026-01-06 09:04:28] Merged 25 bytes for 'type_def'.
[2026-01-06 09:04:28] Merging 1 fragment for 'type_decl_top'.
[2026-01-06 09:04:28] Merged 25 bytes for 'type_decl_top'.
[2026-01-06 09:04:28] Merging 1 fragment for 'membervariables'.
[2026-01-06 09:04:28] Merged 38 bytes for 'membervariables'.
[2026-01-06 09:04:28] Merging 1 fragment for 'fieldoffsets'.
[2026-01-06 09:04:28] Merged 38 bytes for 'fieldoffsets'.
[2026-01-06 09:04:28] Merging 1 fragment for 'typespecifiers'.
[2026-01-06 09:04:28] Merged 31 bytes for 'typespecifiers'.
[2026-01-06 09:04:28] Merging 1 fragment for 'funspecifiers'.
[2026-01-06 09:04:28] Merged 45 bytes for 'funspecifiers'.
[2026-01-06 09:04:28] Merging 1 fragment for 'compilations'.
[2026-01-06 09:04:28] Merged 41 bytes for 'compilations'.
[2026-01-06 09:04:28] Merging 1 fragment for 'compilation_build_mode'.
[2026-01-06 09:04:28] Merged 39 bytes for 'compilation_build_mode'.
[2026-01-06 09:04:28] Merging 1 fragment for 'compilation_args'.
[2026-01-06 09:04:28] Merged 209 bytes for 'compilation_args'.
[2026-01-06 09:04:28] Merging 1 fragment for 'compilation_expanded_args'.
[2026-01-06 09:04:28] Merged 209 bytes for 'compilation_expanded_args'.
[2026-01-06 09:04:28] Merging 1 fragment for 'compilation_compiling_files'.
[2026-01-06 09:04:28] Merged 65 bytes for 'compilation_compiling_files'.
[2026-01-06 09:04:28] Merging 1 fragment for 'compilation_time'.
[2026-01-06 09:04:28] Merged 467 bytes for 'compilation_time'.
[2026-01-06 09:04:28] Merging 1 fragment for 'compilation_finished'.
[2026-01-06 09:04:28] Merged 166 bytes for 'compilation_finished'.
[2026-01-06 09:04:28] Merging 1 fragment for 'sourceLocationPrefix'.
[2026-01-06 09:04:28] Merged 17 bytes for 'sourceLocationPrefix'.
[2026-01-06 09:04:28] Saving string and id pools to disk.
[2026-01-06 09:04:29] Finished importing TRAP files.
[2026-01-06 09:04:29] Read 300.64 KiB of uncompressed TRAP data.
[2026-01-06 09:04:29] Uncompressed relation data size: 55.95 KiB
[2026-01-06 09:04:29] Relation data size: 16.40 KiB (merge rate: 18.90 KiB/s)
[2026-01-06 09:04:29] String pool size: 2.05 MiB
[2026-01-06 09:04:29] ID pool size: 1.02 MiB
[2026-01-06 09:04:29] [PROGRESS] dataset import> Finished writing database (relations: 16.40 KiB; string pool: 2.05 MiB).
[2026-01-06 09:04:29] Pausing evaluation to close the cache at sequence stamp o+159
[2026-01-06 09:04:29] The disk cache is freshly trimmed; leave it be.
[2026-01-06 09:04:29] Unpausing evaluation
[2026-01-06 09:04:29] Plumbing command codeql dataset import completed.
[2026-01-06 09:04:29] [PROGRESS] database finalize> TRAP import complete (5.4s).
[2026-01-06 09:04:29] Running plumbing command: codeql database cleanup -- C:\Users\admin\vulnresearch\CodeQL\codeql-workshop-control-flow-cpp\cpp-database
[2026-01-06 09:04:29] [PROGRESS] database cleanup> Cleaning up existing TRAP files after import...
[2026-01-06 09:04:29] [WARN] Failed to delete C:\Users\admin\vulnresearch\CodeQL\codeql-workshop-control-flow-cpp\cpp-database\trap\cpp\source\C_\Users\admin (attempt 1)
                             java.nio.file.FileSystemException: C:\Users\admin\vulnresearch\CodeQL\codeql-workshop-control-flow-cpp\cpp-database\trap\cpp\source\C_\Users\admin: The process cannot access the file because it is being used by another process
                             	at java.base/sun.nio.fs.WindowsException.translateToIOException(Unknown Source)
                             	at java.base/sun.nio.fs.WindowsException.rethrowAsIOException(Unknown Source)
                             	at java.base/sun.nio.fs.WindowsException.rethrowAsIOException(Unknown Source)
                             	at java.base/sun.nio.fs.WindowsFileSystemProvider.implDelete(Unknown Source)
                             	at java.base/sun.nio.fs.AbstractFileSystemProvider.delete(Unknown Source)
                             	at java.base/java.nio.file.Files.delete(Unknown Source)
                             	at com.semmle.util.files.FileUtil8.delete(FileUtil8.java:361)
                             	at com.semmle.util.files.FileUtil8.deleteIfExists(FileUtil8.java:394)
                             	at com.semmle.util.files.FileUtil8.lambda$deleteWithRetries$10(FileUtil8.java:628)
                             	at com.semmle.util.files.FileUtil8.performWithRetries(FileUtil8.java:559)
                             	at com.semmle.util.files.FileUtil8.deleteWithRetries(FileUtil8.java:627)
                             	at com.semmle.util.files.FileUtil8$2.doDelete(FileUtil8.java:193)
                             	at com.semmle.util.files.FileUtil8$2.tryDelete(FileUtil8.java:200)
                             	at com.semmle.util.files.FileUtil8$2.tryDelete(FileUtil8.java:223)
                             	at com.semmle.util.files.FileUtil8$2.postVisitDirectory(FileUtil8.java:264)
                             	at com.semmle.util.files.FileUtil8$2.postVisitDirectory(FileUtil8.java:164)
                             	at java.base/java.nio.file.Files.walkFileTree(Unknown Source)
                             	at java.base/java.nio.file.Files.walkFileTree(Unknown Source)
                             	at com.semmle.util.files.FileUtil8.recursiveDelete(FileUtil8.java:162)
                             	at com.semmle.util.files.FileUtil8.strictRecursiveDelete(FileUtil8.java:136)
                             	at com.semmle.util.files.FileUtil8.strictRecursiveDeleteWithRetries(FileUtil8.java:112)
                             	at com.semmle.cli2.database.CleanupDatabaseCommand.executeSubcommand(CleanupDatabaseCommand.java:73)
                             	at com.semmle.cli2.picocli.SubcommandCommon.lambda$executeSubcommandWithMessages$5(SubcommandCommon.java:892)
                             	at com.semmle.cli2.picocli.SubcommandCommon.withCompilationMessages(SubcommandCommon.java:444)
                             	at com.semmle.cli2.picocli.SubcommandCommon.executeSubcommandWithMessages(SubcommandCommon.java:890)
                             	at com.semmle.cli2.picocli.PlumbingRunner.run(PlumbingRunner.java:119)
                             	at com.semmle.cli2.picocli.SubcommandCommon.runPlumbingInProcess(SubcommandCommon.java:201)
                             	at com.semmle.cli2.database.FinalizeCommand.finalizeOne(FinalizeCommand.java:206)
                             	at com.semmle.cli2.database.FinalizeCommand.executeSubcommand(FinalizeCommand.java:122)
                             	at com.semmle.cli2.picocli.SubcommandCommon.lambda$executeSubcommandWithMessages$5(SubcommandCommon.java:892)
                             	at com.semmle.cli2.picocli.SubcommandCommon.withCompilationMessages(SubcommandCommon.java:444)
                             	at com.semmle.cli2.picocli.SubcommandCommon.executeSubcommandWithMessages(SubcommandCommon.java:890)
                             	at com.semmle.cli2.picocli.PlumbingRunner.run(PlumbingRunner.java:119)
                             	at com.semmle.cli2.picocli.SubcommandCommon.runPlumbingInProcess(SubcommandCommon.java:201)
                             	at com.semmle.cli2.database.CreateCommand.executeSubcommand(CreateCommand.java:204)
                             	at com.semmle.cli2.picocli.SubcommandCommon.lambda$executeSubcommandWithMessages$5(SubcommandCommon.java:892)
                             	at com.semmle.cli2.picocli.SubcommandCommon.withCompilationMessages(SubcommandCommon.java:444)
                             	at com.semmle.cli2.picocli.SubcommandCommon.executeSubcommandWithMessages(SubcommandCommon.java:890)
                             	at com.semmle.cli2.picocli.SubcommandCommon.toplevelMain(SubcommandCommon.java:777)
                             	at com.semmle.cli2.picocli.SubcommandCommon.call(SubcommandCommon.java:757)
                             	at com.semmle.cli2.picocli.SubcommandMaker.runMain(SubcommandMaker.java:238)
                             	at com.semmle.cli2.picocli.SubcommandMaker.runMain(SubcommandMaker.java:259)
                             	at com.semmle.cli2.CodeQL.main(CodeQL.java:113)
[2026-01-06 09:04:30] [WARN] Failed to delete C:\Users\admin\vulnresearch\CodeQL\codeql-workshop-control-flow-cpp\cpp-database\trap\cpp\tarballs\C_\Users\admin\vulnresearch\CodeQL\codeql-workshop-control-flow-cpp\exercises-tests\Exercise1 (attempt 1)
                             java.nio.file.FileSystemException: C:\Users\admin\vulnresearch\CodeQL\codeql-workshop-control-flow-cpp\cpp-database\trap\cpp\tarballs\C_\Users\admin\vulnresearch\CodeQL\codeql-workshop-control-flow-cpp\exercises-tests\Exercise1: The process cannot access the file because it is being used by another process
                             	at java.base/sun.nio.fs.WindowsException.translateToIOException(Unknown Source)
                             	at java.base/sun.nio.fs.WindowsException.rethrowAsIOException(Unknown Source)
                             	at java.base/sun.nio.fs.WindowsException.rethrowAsIOException(Unknown Source)
                             	at java.base/sun.nio.fs.WindowsFileSystemProvider.implDelete(Unknown Source)
                             	at java.base/sun.nio.fs.AbstractFileSystemProvider.delete(Unknown Source)
                             	at java.base/java.nio.file.Files.delete(Unknown Source)
                             	at com.semmle.util.files.FileUtil8.delete(FileUtil8.java:361)
                             	at com.semmle.util.files.FileUtil8.deleteIfExists(FileUtil8.java:394)
                             	at com.semmle.util.files.FileUtil8.lambda$deleteWithRetries$10(FileUtil8.java:628)
                             	at com.semmle.util.files.FileUtil8.performWithRetries(FileUtil8.java:559)
                             	at com.semmle.util.files.FileUtil8.deleteWithRetries(FileUtil8.java:627)
                             	at com.semmle.util.files.FileUtil8$2.doDelete(FileUtil8.java:193)
                             	at com.semmle.util.files.FileUtil8$2.tryDelete(FileUtil8.java:200)
                             	at com.semmle.util.files.FileUtil8$2.tryDelete(FileUtil8.java:223)
                             	at com.semmle.util.files.FileUtil8$2.postVisitDirectory(FileUtil8.java:264)
                             	at com.semmle.util.files.FileUtil8$2.postVisitDirectory(FileUtil8.java:164)
                             	at java.base/java.nio.file.Files.walkFileTree(Unknown Source)
                             	at java.base/java.nio.file.Files.walkFileTree(Unknown Source)
                             	at com.semmle.util.files.FileUtil8.recursiveDelete(FileUtil8.java:162)
                             	at com.semmle.util.files.FileUtil8.strictRecursiveDelete(FileUtil8.java:136)
                             	at com.semmle.util.files.FileUtil8.strictRecursiveDeleteWithRetries(FileUtil8.java:112)
                             	at com.semmle.cli2.database.CleanupDatabaseCommand.executeSubcommand(CleanupDatabaseCommand.java:73)
                             	at com.semmle.cli2.picocli.SubcommandCommon.lambda$executeSubcommandWithMessages$5(SubcommandCommon.java:892)
                             	at com.semmle.cli2.picocli.SubcommandCommon.withCompilationMessages(SubcommandCommon.java:444)
                             	at com.semmle.cli2.picocli.SubcommandCommon.executeSubcommandWithMessages(SubcommandCommon.java:890)
                             	at com.semmle.cli2.picocli.PlumbingRunner.run(PlumbingRunner.java:119)
                             	at com.semmle.cli2.picocli.SubcommandCommon.runPlumbingInProcess(SubcommandCommon.java:201)
                             	at com.semmle.cli2.database.FinalizeCommand.finalizeOne(FinalizeCommand.java:206)
                             	at com.semmle.cli2.database.FinalizeCommand.executeSubcommand(FinalizeCommand.java:122)
                             	at com.semmle.cli2.picocli.SubcommandCommon.lambda$executeSubcommandWithMessages$5(SubcommandCommon.java:892)
                             	at com.semmle.cli2.picocli.SubcommandCommon.withCompilationMessages(SubcommandCommon.java:444)
                             	at com.semmle.cli2.picocli.SubcommandCommon.executeSubcommandWithMessages(SubcommandCommon.java:890)
                             	at com.semmle.cli2.picocli.PlumbingRunner.run(PlumbingRunner.java:119)
                             	at com.semmle.cli2.picocli.SubcommandCommon.runPlumbingInProcess(SubcommandCommon.java:201)
                             	at com.semmle.cli2.database.CreateCommand.executeSubcommand(CreateCommand.java:204)
                             	at com.semmle.cli2.picocli.SubcommandCommon.lambda$executeSubcommandWithMessages$5(SubcommandCommon.java:892)
                             	at com.semmle.cli2.picocli.SubcommandCommon.withCompilationMessages(SubcommandCommon.java:444)
                             	at com.semmle.cli2.picocli.SubcommandCommon.executeSubcommandWithMessages(SubcommandCommon.java:890)
                             	at com.semmle.cli2.picocli.SubcommandCommon.toplevelMain(SubcommandCommon.java:777)
                             	at com.semmle.cli2.picocli.SubcommandCommon.call(SubcommandCommon.java:757)
                             	at com.semmle.cli2.picocli.SubcommandMaker.runMain(SubcommandMaker.java:238)
                             	at com.semmle.cli2.picocli.SubcommandMaker.runMain(SubcommandMaker.java:259)
                             	at com.semmle.cli2.CodeQL.main(CodeQL.java:113)
[2026-01-06 09:04:31] [WARN] Failed to delete C:\Users\admin\vulnresearch\CodeQL\codeql-workshop-control-flow-cpp\cpp-database\trap\cpp\tarballs\C_\Users\admin\vulnresearch\CodeQL\codeql-workshop-control-flow-cpp\exercises-tests\Exercise2 (attempt 1)
                             java.nio.file.FileSystemException: C:\Users\admin\vulnresearch\CodeQL\codeql-workshop-control-flow-cpp\cpp-database\trap\cpp\tarballs\C_\Users\admin\vulnresearch\CodeQL\codeql-workshop-control-flow-cpp\exercises-tests\Exercise2: The process cannot access the file because it is being used by another process
                             	at java.base/sun.nio.fs.WindowsException.translateToIOException(Unknown Source)
                             	at java.base/sun.nio.fs.WindowsException.rethrowAsIOException(Unknown Source)
                             	at java.base/sun.nio.fs.WindowsException.rethrowAsIOException(Unknown Source)
                             	at java.base/sun.nio.fs.WindowsFileSystemProvider.implDelete(Unknown Source)
                             	at java.base/sun.nio.fs.AbstractFileSystemProvider.delete(Unknown Source)
                             	at java.base/java.nio.file.Files.delete(Unknown Source)
                             	at com.semmle.util.files.FileUtil8.delete(FileUtil8.java:361)
                             	at com.semmle.util.files.FileUtil8.deleteIfExists(FileUtil8.java:394)
                             	at com.semmle.util.files.FileUtil8.lambda$deleteWithRetries$10(FileUtil8.java:628)
                             	at com.semmle.util.files.FileUtil8.performWithRetries(FileUtil8.java:559)
                             	at com.semmle.util.files.FileUtil8.deleteWithRetries(FileUtil8.java:627)
                             	at com.semmle.util.files.FileUtil8$2.doDelete(FileUtil8.java:193)
                             	at com.semmle.util.files.FileUtil8$2.tryDelete(FileUtil8.java:200)
                             	at com.semmle.util.files.FileUtil8$2.tryDelete(FileUtil8.java:223)
                             	at com.semmle.util.files.FileUtil8$2.postVisitDirectory(FileUtil8.java:264)
                             	at com.semmle.util.files.FileUtil8$2.postVisitDirectory(FileUtil8.java:164)
                             	at java.base/java.nio.file.Files.walkFileTree(Unknown Source)
                             	at java.base/java.nio.file.Files.walkFileTree(Unknown Source)
                             	at com.semmle.util.files.FileUtil8.recursiveDelete(FileUtil8.java:162)
                             	at com.semmle.util.files.FileUtil8.strictRecursiveDelete(FileUtil8.java:136)
                             	at com.semmle.util.files.FileUtil8.strictRecursiveDeleteWithRetries(FileUtil8.java:112)
                             	at com.semmle.cli2.database.CleanupDatabaseCommand.executeSubcommand(CleanupDatabaseCommand.java:73)
                             	at com.semmle.cli2.picocli.SubcommandCommon.lambda$executeSubcommandWithMessages$5(SubcommandCommon.java:892)
                             	at com.semmle.cli2.picocli.SubcommandCommon.withCompilationMessages(SubcommandCommon.java:444)
                             	at com.semmle.cli2.picocli.SubcommandCommon.executeSubcommandWithMessages(SubcommandCommon.java:890)
                             	at com.semmle.cli2.picocli.PlumbingRunner.run(PlumbingRunner.java:119)
                             	at com.semmle.cli2.picocli.SubcommandCommon.runPlumbingInProcess(SubcommandCommon.java:201)
                             	at com.semmle.cli2.database.FinalizeCommand.finalizeOne(FinalizeCommand.java:206)
                             	at com.semmle.cli2.database.FinalizeCommand.executeSubcommand(FinalizeCommand.java:122)
                             	at com.semmle.cli2.picocli.SubcommandCommon.lambda$executeSubcommandWithMessages$5(SubcommandCommon.java:892)
                             	at com.semmle.cli2.picocli.SubcommandCommon.withCompilationMessages(SubcommandCommon.java:444)
                             	at com.semmle.cli2.picocli.SubcommandCommon.executeSubcommandWithMessages(SubcommandCommon.java:890)
                             	at com.semmle.cli2.picocli.PlumbingRunner.run(PlumbingRunner.java:119)
                             	at com.semmle.cli2.picocli.SubcommandCommon.runPlumbingInProcess(SubcommandCommon.java:201)
                             	at com.semmle.cli2.database.CreateCommand.executeSubcommand(CreateCommand.java:204)
                             	at com.semmle.cli2.picocli.SubcommandCommon.lambda$executeSubcommandWithMessages$5(SubcommandCommon.java:892)
                             	at com.semmle.cli2.picocli.SubcommandCommon.withCompilationMessages(SubcommandCommon.java:444)
                             	at com.semmle.cli2.picocli.SubcommandCommon.executeSubcommandWithMessages(SubcommandCommon.java:890)
                             	at com.semmle.cli2.picocli.SubcommandCommon.toplevelMain(SubcommandCommon.java:777)
                             	at com.semmle.cli2.picocli.SubcommandCommon.call(SubcommandCommon.java:757)
                             	at com.semmle.cli2.picocli.SubcommandMaker.runMain(SubcommandMaker.java:238)
                             	at com.semmle.cli2.picocli.SubcommandMaker.runMain(SubcommandMaker.java:259)
                             	at com.semmle.cli2.CodeQL.main(CodeQL.java:113)
[2026-01-06 09:04:32] [WARN] Failed to delete C:\Users\admin\vulnresearch\CodeQL\codeql-workshop-control-flow-cpp\cpp-database\trap\cpp\tarballs\C_\Users\admin\vulnresearch\CodeQL\codeql-workshop-control-flow-cpp\exercises-tests\Exercise6 (attempt 1)
                             java.nio.file.FileSystemException: C:\Users\admin\vulnresearch\CodeQL\codeql-workshop-control-flow-cpp\cpp-database\trap\cpp\tarballs\C_\Users\admin\vulnresearch\CodeQL\codeql-workshop-control-flow-cpp\exercises-tests\Exercise6: The process cannot access the file because it is being used by another process
                             	at java.base/sun.nio.fs.WindowsException.translateToIOException(Unknown Source)
                             	at java.base/sun.nio.fs.WindowsException.rethrowAsIOException(Unknown Source)
                             	at java.base/sun.nio.fs.WindowsException.rethrowAsIOException(Unknown Source)
                             	at java.base/sun.nio.fs.WindowsFileSystemProvider.implDelete(Unknown Source)
                             	at java.base/sun.nio.fs.AbstractFileSystemProvider.delete(Unknown Source)
                             	at java.base/java.nio.file.Files.delete(Unknown Source)
                             	at com.semmle.util.files.FileUtil8.delete(FileUtil8.java:361)
                             	at com.semmle.util.files.FileUtil8.deleteIfExists(FileUtil8.java:394)
                             	at com.semmle.util.files.FileUtil8.lambda$deleteWithRetries$10(FileUtil8.java:628)
                             	at com.semmle.util.files.FileUtil8.performWithRetries(FileUtil8.java:559)
                             	at com.semmle.util.files.FileUtil8.deleteWithRetries(FileUtil8.java:627)
                             	at com.semmle.util.files.FileUtil8$2.doDelete(FileUtil8.java:193)
                             	at com.semmle.util.files.FileUtil8$2.tryDelete(FileUtil8.java:200)
                             	at com.semmle.util.files.FileUtil8$2.tryDelete(FileUtil8.java:223)
                             	at com.semmle.util.files.FileUtil8$2.postVisitDirectory(FileUtil8.java:264)
                             	at com.semmle.util.files.FileUtil8$2.postVisitDirectory(FileUtil8.java:164)
                             	at java.base/java.nio.file.Files.walkFileTree(Unknown Source)
                             	at java.base/java.nio.file.Files.walkFileTree(Unknown Source)
                             	at com.semmle.util.files.FileUtil8.recursiveDelete(FileUtil8.java:162)
                             	at com.semmle.util.files.FileUtil8.strictRecursiveDelete(FileUtil8.java:136)
                             	at com.semmle.util.files.FileUtil8.strictRecursiveDeleteWithRetries(FileUtil8.java:112)
                             	at com.semmle.cli2.database.CleanupDatabaseCommand.executeSubcommand(CleanupDatabaseCommand.java:73)
                             	at com.semmle.cli2.picocli.SubcommandCommon.lambda$executeSubcommandWithMessages$5(SubcommandCommon.java:892)
                             	at com.semmle.cli2.picocli.SubcommandCommon.withCompilationMessages(SubcommandCommon.java:444)
                             	at com.semmle.cli2.picocli.SubcommandCommon.executeSubcommandWithMessages(SubcommandCommon.java:890)
                             	at com.semmle.cli2.picocli.PlumbingRunner.run(PlumbingRunner.java:119)
                             	at com.semmle.cli2.picocli.SubcommandCommon.runPlumbingInProcess(SubcommandCommon.java:201)
                             	at com.semmle.cli2.database.FinalizeCommand.finalizeOne(FinalizeCommand.java:206)
                             	at com.semmle.cli2.database.FinalizeCommand.executeSubcommand(FinalizeCommand.java:122)
                             	at com.semmle.cli2.picocli.SubcommandCommon.lambda$executeSubcommandWithMessages$5(SubcommandCommon.java:892)
                             	at com.semmle.cli2.picocli.SubcommandCommon.withCompilationMessages(SubcommandCommon.java:444)
                             	at com.semmle.cli2.picocli.SubcommandCommon.executeSubcommandWithMessages(SubcommandCommon.java:890)
                             	at com.semmle.cli2.picocli.PlumbingRunner.run(PlumbingRunner.java:119)
                             	at com.semmle.cli2.picocli.SubcommandCommon.runPlumbingInProcess(SubcommandCommon.java:201)
                             	at com.semmle.cli2.database.CreateCommand.executeSubcommand(CreateCommand.java:204)
                             	at com.semmle.cli2.picocli.SubcommandCommon.lambda$executeSubcommandWithMessages$5(SubcommandCommon.java:892)
                             	at com.semmle.cli2.picocli.SubcommandCommon.withCompilationMessages(SubcommandCommon.java:444)
                             	at com.semmle.cli2.picocli.SubcommandCommon.executeSubcommandWithMessages(SubcommandCommon.java:890)
                             	at com.semmle.cli2.picocli.SubcommandCommon.toplevelMain(SubcommandCommon.java:777)
                             	at com.semmle.cli2.picocli.SubcommandCommon.call(SubcommandCommon.java:757)
                             	at com.semmle.cli2.picocli.SubcommandMaker.runMain(SubcommandMaker.java:238)
                             	at com.semmle.cli2.picocli.SubcommandMaker.runMain(SubcommandMaker.java:259)
                             	at com.semmle.cli2.CodeQL.main(CodeQL.java:113)
[2026-01-06 09:04:33] [PROGRESS] database cleanup> TRAP files cleaned up (4.1s).
[2026-01-06 09:04:33] [PROGRESS] database cleanup> Cleaning up scratch directory...
[2026-01-06 09:04:33] [PROGRESS] database cleanup> Scratch directory cleaned up (30ms).
[2026-01-06 09:04:33] Running plumbing command: codeql dataset cleanup -- C:\Users\admin\vulnresearch\CodeQL\codeql-workshop-control-flow-cpp\cpp-database\db-cpp
[2026-01-06 09:04:33] [PROGRESS] dataset cleanup> Cleaning up dataset in C:\Users\admin\vulnresearch\CodeQL\codeql-workshop-control-flow-cpp\cpp-database\db-cpp.
[2026-01-06 09:04:33] Trimming disk cache at C:\Users\admin\vulnresearch\CodeQL\codeql-workshop-control-flow-cpp\cpp-database\db-cpp\default\cache in mode trim.
[2026-01-06 09:04:33] Sequence stamp origin is -5961760465011395845
[2026-01-06 09:04:33] Pausing evaluation to quickly trim memory at sequence stamp o+0
[2026-01-06 09:04:33] Unpausing evaluation
[2026-01-06 09:04:33] Pausing evaluation to zealously trim disk at sequence stamp o+1
[2026-01-06 09:04:33] Unpausing evaluation
[2026-01-06 09:04:33] Trimming completed (4ms): Trimmed disposable data from cache.
[2026-01-06 09:04:33] Pausing evaluation to close the cache at sequence stamp o+2
[2026-01-06 09:04:33] The disk cache is freshly trimmed; leave it be.
[2026-01-06 09:04:33] Unpausing evaluation
[2026-01-06 09:04:33] [PROGRESS] dataset cleanup> Trimmed disposable data from cache.
[2026-01-06 09:04:33] [PROGRESS] dataset cleanup> Finalizing dataset in C:\Users\admin\vulnresearch\CodeQL\codeql-workshop-control-flow-cpp\cpp-database\db-cpp
[2026-01-06 09:04:33] [DETAILS] dataset cleanup> Finished deleting ID pool from C:\Users\admin\vulnresearch\CodeQL\codeql-workshop-control-flow-cpp\cpp-database\db-cpp (5ms).
[2026-01-06 09:04:33] Plumbing command codeql dataset cleanup completed.
[2026-01-06 09:04:33] Plumbing command codeql database cleanup completed with status 0.
[2026-01-06 09:04:33] [PROGRESS] database finalize> Finished zipping source archive (4.12 KiB).
[2026-01-06 09:04:33] Plumbing command codeql database finalize completed.
[2026-01-06 09:04:33] [PROGRESS] database create> Successfully created database at C:\Users\admin\vulnresearch\CodeQL\codeql-workshop-control-flow-cpp\cpp-database.
[2026-01-06 09:04:33] Terminating normally.
