[E 06:04:22 4652] CodeQL C/C++ Extractor 2.23.8
[E 06:04:22 4652] Current directory: C:\Users\admin\vulnresearch\CodeQL\codeql-workshop-control-flow-cpp\exercises-tests
[E 06:04:22 4652] Command: C:\ProgramData\chocolatey\lib\codeql\tools\codeql\cpp\tools\win64\extractor --mimic "C:\Program Files\Microsoft Visual Studio\18\Community\VC\Tools\MSVC\14.50.35717\bin\Hostx64\x64\cl.exe" /std:c++latest /Zs /EHs /permissive C:\Users\admin\vulnresearch\CodeQL\codeql-workshop-control-flow-cpp\exercises-tests\Exercise8\test8.cpp
[E 06:04:22 4652] Checking whether C compilation already happened.
[E 06:04:22 4652] Checking for tag c-compilation-happened
[E 06:04:22 4652] Looks like C compilation didn't already happen.
[E 06:04:22 4652] Checking whether C compilation has been attempted.
[E 06:04:22 4652] Checking for tag c-compilation-attempted
[E 06:04:22 4652] Marking C compilation as attempted.
[E 06:04:22 4652] Setting tag c-compilation-attempted
[E 06:04:22 4652] Processed command line: C:\ProgramData\chocolatey\lib\codeql\tools\codeql\cpp\tools\win64\extractor --trapfolder C:\Users\admin\vulnresearch\CodeQL\codeql-workshop-control-flow-cpp\cpp-database\trap\cpp --src_archive C:\Users\admin\vulnresearch\CodeQL\codeql-workshop-control-flow-cpp\cpp-database\src --no_warnings_and_discretionary_errors --error_limit 10000 --disable_system_macros --variadic_macros --incognito --microsoft --c++ --ms_permissive --ms_c++latest -- C:\Users\admin\vulnresearch\CodeQL\codeql-workshop-control-flow-cpp\exercises-tests\Exercise8\test8.cpp
[E 06:04:22 4652] CODEQL_EXTRACTOR_CPP_TRAP_CACHING is not set
[E 06:04:22 4652] CODEQL_EXTRACTOR_CPP_OPTION_TRAP_CACHE_WRITE is not set
[E 06:04:22 4652] CODEQL_EXTRACTOR_CPP_OPTION_TRAP_CACHE_DIR is not set
[E 06:04:22 4652] Initialising TRAP cache at path: \\?\C:\Users\admin\vulnresearch\CodeQL\codeql-workshop-control-flow-cpp\exercises-tests\0a\5faa\aa216c5cf5251f5635e227e67225
[E 06:04:22 4652] Not using TRAP cache
[E 06:04:22 4652] TRAP cache miss
[E 06:04:22 4652] Starting compilation TRAP C:\Users\admin\vulnresearch\CodeQL\codeql-workshop-control-flow-cpp\cpp-database\trap\cpp/compilations/42/21274486_0.trap.zst
[E 06:04:22 4652] Archiving C:\Users\admin\vulnresearch\CodeQL\codeql-workshop-control-flow-cpp\cpp-database\src/C_/Users/admin/vulnresearch/CodeQL/codeql-workshop-control-flow-cpp/exercises-tests/Exercise8/test8.cpp
[E 06:04:22 4652] Warning[extractor-c++]: In emit_platform_diagnostic: Failed to rename diagnostic file from 'C' to 'C': The process cannot access the file because it is being used by another process.
[E 06:04:22 4652] Creating trap tarball C:\Users\admin\vulnresearch\CodeQL\codeql-workshop-control-flow-cpp\cpp-database\trap\cpp/tarballs/C_/Users/admin/vulnresearch/CodeQL/codeql-workshop-control-flow-cpp/exercises-tests/Exercise8/test8.cpp.1b1b469c_0.trap.tar.zst
[E 06:04:22 4652] Emitting trap files for C:\Users\admin\vulnresearch\CodeQL\codeql-workshop-control-flow-cpp\exercises-tests\Exercise8\test8.cpp
[E 06:04:22 4652] Opening existencedb in \\?\C:\Users\admin\vulnresearch\CodeQL\codeql-workshop-control-flow-cpp\cpp-database\working\existencedb\db
[E 06:04:23 4652] Warning[extractor-c++]: In canonicalise_path: fs::canonical failed on test8.obj (The system cannot find the file specified.)
[E 06:04:23 4652] Wrote 1 files to C:\Users\admin\vulnresearch\CodeQL\codeql-workshop-control-flow-cpp\cpp-database\trap\cpp/tarballs/C_/Users/admin/vulnresearch/CodeQL/codeql-workshop-control-flow-cpp/exercises-tests/Exercise8/test8.cpp.1b1b469c_0.trap.tar.zst
[E 06:04:23 4652] Finished compilation TRAP C:\Users\admin\vulnresearch\CodeQL\codeql-workshop-control-flow-cpp\cpp-database\trap\cpp/compilations/42/21274486_0.trap.zst
[E 06:04:23 4652] Marking C compilation as happened.
[E 06:04:23 4652] Setting tag c-compilation-happened
[E 06:04:23 4652] Extractor exited successfully
