[E 06:04:20 13944] CodeQL C/C++ Extractor 2.23.8
[E 06:04:20 13944] Current directory: C:\Users\admin\vulnresearch\CodeQL\codeql-workshop-control-flow-cpp\exercises-tests
[E 06:04:20 13944] Command: C:\ProgramData\chocolatey\lib\codeql\tools\codeql\cpp\tools\win64\extractor --mimic "C:\Program Files\Microsoft Visual Studio\18\Community\VC\Tools\MSVC\14.50.35717\bin\Hostx64\x64\cl.exe" /std:c++latest /Zs /EHs /permissive C:\Users\admin\vulnresearch\CodeQL\codeql-workshop-control-flow-cpp\exercises-tests\Exercise5\test5.cpp
[E 06:04:21 13944] Checking whether C compilation already happened.
[E 06:04:21 13944] Checking for tag c-compilation-happened
[E 06:04:21 13944] Looks like C compilation didn't already happen.
[E 06:04:21 13944] Checking whether C compilation has been attempted.
[E 06:04:21 13944] Checking for tag c-compilation-attempted
[E 06:04:21 13944] Marking C compilation as attempted.
[E 06:04:21 13944] Setting tag c-compilation-attempted
[E 06:04:22 13944] Warning: No OS
[E 06:04:22 13944] Warning: No word size
[E 06:04:22 13944] Processed command line: C:\ProgramData\chocolatey\lib\codeql\tools\codeql\cpp\tools\win64\extractor --trapfolder C:\Users\admin\vulnresearch\CodeQL\codeql-workshop-control-flow-cpp\cpp-database\trap\cpp --src_archive C:\Users\admin\vulnresearch\CodeQL\codeql-workshop-control-flow-cpp\cpp-database\src --no_warnings_and_discretionary_errors --error_limit 10000 --disable_system_macros --variadic_macros --incognito --microsoft --c++ --ms_permissive --ms_c++latest -- C:\Users\admin\vulnresearch\CodeQL\codeql-workshop-control-flow-cpp\exercises-tests\Exercise5\test5.cpp
[E 06:04:22 13944] CODEQL_EXTRACTOR_CPP_TRAP_CACHING is not set
[E 06:04:22 13944] CODEQL_EXTRACTOR_CPP_OPTION_TRAP_CACHE_WRITE is not set
[E 06:04:22 13944] CODEQL_EXTRACTOR_CPP_OPTION_TRAP_CACHE_DIR is not set
[E 06:04:22 13944] Initialising TRAP cache at path: \\?\C:\Users\admin\vulnresearch\CodeQL\codeql-workshop-control-flow-cpp\exercises-tests\b0\1873\73dab12ea186d792d67d6c46d99e
[E 06:04:22 13944] Not using TRAP cache
[E 06:04:22 13944] TRAP cache miss
[E 06:04:22 13944] Starting compilation TRAP C:\Users\admin\vulnresearch\CodeQL\codeql-workshop-control-flow-cpp\cpp-database\trap\cpp/compilations/25/49210612_0.trap.zst
[E 06:04:22 13944] Archiving C:\Users\admin\vulnresearch\CodeQL\codeql-workshop-control-flow-cpp\cpp-database\src/C_/Users/admin/vulnresearch/CodeQL/codeql-workshop-control-flow-cpp/exercises-tests/Exercise5/test5.cpp
[E 06:04:22 13944] Warning[extractor-c++]: In emit_platform_diagnostic: Failed to rename diagnostic file from 'C' to 'C': The process cannot access the file because it is being used by another process.
[E 06:04:22 13944] Creating trap tarball C:\Users\admin\vulnresearch\CodeQL\codeql-workshop-control-flow-cpp\cpp-database\trap\cpp/tarballs/C_/Users/admin/vulnresearch/CodeQL/codeql-workshop-control-flow-cpp/exercises-tests/Exercise5/test5.cpp.ada734a8_0.trap.tar.zst
[E 06:04:22 13944] Emitting trap files for C:\Users\admin\vulnresearch\CodeQL\codeql-workshop-control-flow-cpp\exercises-tests\Exercise5\test5.cpp
[E 06:04:22 13944] Opening existencedb in \\?\C:\Users\admin\vulnresearch\CodeQL\codeql-workshop-control-flow-cpp\cpp-database\working\existencedb\db
[E 06:04:22 13944] Warning[extractor-c++]: In canonicalise_path: fs::canonical failed on test5.obj (The system cannot find the file specified.)
[E 06:04:22 13944] Wrote 1 files to C:\Users\admin\vulnresearch\CodeQL\codeql-workshop-control-flow-cpp\cpp-database\trap\cpp/tarballs/C_/Users/admin/vulnresearch/CodeQL/codeql-workshop-control-flow-cpp/exercises-tests/Exercise5/test5.cpp.ada734a8_0.trap.tar.zst
[E 06:04:22 13944] Finished compilation TRAP C:\Users\admin\vulnresearch\CodeQL\codeql-workshop-control-flow-cpp\cpp-database\trap\cpp/compilations/25/49210612_0.trap.zst
[E 06:04:22 13944] Marking C compilation as happened.
[E 06:04:22 13944] Setting tag c-compilation-happened
[E 06:04:22 13944] Extractor exited successfully
